<?xml version="1.0" encoding="UTF-8" ?>
<testsuite tests="1" failures="0" name="cucumver.Options.TestRunnerTest" time="0.006" errors="1" skipped="0">
  <properties>
    <property name="java.runtime.name" value="Java(TM) SE Runtime Environment"/>
    <property name="cucumber.options" value="--tag @AddPlace"/>
    <property name="sun.boot.library.path" value="C:\Program Files (x86)\Java\jdk1.8.0_51\jre\bin"/>
    <property name="java.vm.version" value="25.51-b03"/>
    <property name="user.country.format" value="LV"/>
    <property name="java.vm.vendor" value="Oracle Corporation"/>
    <property name="maven.multiModuleProjectDirectory" value="C:\Users\admin\Downloads\demo (1)\cucumberBig"/>
    <property name="java.vendor.url" value="http://java.oracle.com/"/>
    <property name="path.separator" value=";"/>
    <property name="guice.disable.misplaced.annotation.check" value="true"/>
    <property name="java.vm.name" value="Java HotSpot(TM) Client VM"/>
    <property name="file.encoding.pkg" value="sun.io"/>
    <property name="user.script" value=""/>
    <property name="user.country" value="US"/>
    <property name="sun.java.launcher" value="SUN_STANDARD"/>
    <property name="sun.os.patch.level" value=""/>
    <property name="java.vm.specification.name" value="Java Virtual Machine Specification"/>
    <property name="user.dir" value="C:\Users\admin\Downloads\demo (1)\cucumberBig"/>
    <property name="java.runtime.version" value="1.8.0_51-b16"/>
    <property name="java.awt.graphicsenv" value="sun.awt.Win32GraphicsEnvironment"/>
    <property name="java.endorsed.dirs" value="C:\Program Files (x86)\Java\jdk1.8.0_51\jre\lib\endorsed"/>
    <property name="os.arch" value="x86"/>
    <property name="java.io.tmpdir" value="C:\Users\admin\AppData\Local\Temp\"/>
    <property name="line.separator" value="
"/>
    <property name="java.vm.specification.vendor" value="Oracle Corporation"/>
    <property name="user.variant" value=""/>
    <property name="os.name" value="Windows 8.1"/>
    <property name="classworlds.conf" value="C:\Users\admin\.m2\apache-maven-3.6.3\bin\..\bin\m2.conf"/>
    <property name="sun.jnu.encoding" value="Cp1257"/>
    <property name="java.library.path" value="C:\Program Files (x86)\Java\jdk1.8.0_51\bin;C:\Windows\Sun\Java\bin;C:\Windows\system32;C:\Windows;C:\Users\admin\.m2\apache-maven-3.6.3\bin;C:\Program Files (x86)\Intel\iCLS Client\;C:\Program Files\Intel\iCLS Client\;D:\programs\SQL\dbhomeXE\bin;C:\Program Files (x86)\Common Files\Oracle\Java\javapath;C:\ProgramData\Oracle\Java\javapath;C:\Windows\system32;C:\Windows;C:\Windows\System32\Wbem;C:\Windows\System32\WindowsPowerShell\v1.0\;C:\Program Files\Intel\WiFi\bin\;C:\Program Files\Common Files\Intel\WirelessCommon\;C:\Program Files (x86)\NVIDIA Corporation\PhysX\Common;C:\Program Files (x86)\Skype\Phone\;C:\Program Files\Git\cmd;C:\Program Files\Intel\Intel(R) Management Engine Components\DAL;C:\Program Files\Intel\Intel(R) Management Engine Components\IPT;C:\Program Files (x86)\Intel\Intel(R) Management Engine Components\DAL;C:\Program Files (x86)\Intel\Intel(R) Management Engine Components\IPT;C:\Program Files\Intel\WiFi\bin\;C:\Program Files\Common Files\Intel\WirelessCommon\;."/>
    <property name="maven.conf" value="C:\Users\admin\.m2\apache-maven-3.6.3\bin\../conf"/>
    <property name="java.specification.name" value="Java Platform API Specification"/>
    <property name="java.class.version" value="52.0"/>
    <property name="sun.management.compiler" value="HotSpot Client Compiler"/>
    <property name="os.version" value="6.3"/>
    <property name="library.jansi.path" value="C:\Users\admin\.m2\apache-maven-3.6.3\bin\..\lib\jansi-native"/>
    <property name="user.home" value="C:\Users\admin"/>
    <property name="user.timezone" value="Europe/Helsinki"/>
    <property name="java.awt.printerjob" value="sun.awt.windows.WPrinterJob"/>
    <property name="java.specification.version" value="1.8"/>
    <property name="file.encoding" value="Cp1257"/>
    <property name="user.name" value="admin"/>
    <property name="java.class.path" value="C:\Users\admin\.m2\apache-maven-3.6.3\bin\..\boot\plexus-classworlds-2.6.0.jar"/>
    <property name="java.vm.specification.version" value="1.8"/>
    <property name="sun.arch.data.model" value="32"/>
    <property name="java.home" value="C:\Program Files (x86)\Java\jdk1.8.0_51\jre"/>
    <property name="sun.java.command" value="org.codehaus.plexus.classworlds.launcher.Launcher test verify -Dcucumber.options=--tag @AddPlace"/>
    <property name="java.specification.vendor" value="Oracle Corporation"/>
    <property name="user.language" value="en"/>
    <property name="user.language.format" value="lv"/>
    <property name="awt.toolkit" value="sun.awt.windows.WToolkit"/>
    <property name="java.vm.info" value="mixed mode"/>
    <property name="java.version" value="1.8.0_51"/>
    <property name="java.ext.dirs" value="C:\Program Files (x86)\Java\jdk1.8.0_51\jre\lib\ext;C:\Windows\Sun\Java\lib\ext"/>
    <property name="sun.boot.class.path" value="C:\Program Files (x86)\Java\jdk1.8.0_51\jre\lib\resources.jar;C:\Program Files (x86)\Java\jdk1.8.0_51\jre\lib\rt.jar;C:\Program Files (x86)\Java\jdk1.8.0_51\jre\lib\sunrsasign.jar;C:\Program Files (x86)\Java\jdk1.8.0_51\jre\lib\jsse.jar;C:\Program Files (x86)\Java\jdk1.8.0_51\jre\lib\jce.jar;C:\Program Files (x86)\Java\jdk1.8.0_51\jre\lib\charsets.jar;C:\Program Files (x86)\Java\jdk1.8.0_51\jre\lib\jfr.jar;C:\Program Files (x86)\Java\jdk1.8.0_51\jre\classes"/>
    <property name="java.vendor" value="Oracle Corporation"/>
    <property name="maven.home" value="C:\Users\admin\.m2\apache-maven-3.6.3\bin\.."/>
    <property name="file.separator" value="\"/>
    <property name="java.vendor.url.bug" value="http://bugreport.sun.com/bugreport/"/>
    <property name="sun.cpu.endian" value="little"/>
    <property name="sun.io.unicode.encoding" value="UnicodeLittle"/>
    <property name="sun.desktop" value="windows"/>
    <property name="sun.cpu.isalist" value="pentium_pro+mmx pentium_pro pentium+mmx pentium i486 i386 i86"/>
  </properties>
  <testcase classname="cucumver.Options.TestRunnerTest" name="initializationError" time="0.006">
    <error message="Unknown option: --tag" type="cucumber.runtime.CucumberException">cucumber.runtime.CucumberException: Unknown option: --tag
	at io.cucumber.core.options.RuntimeOptionsParser.parse(RuntimeOptionsParser.java:126)
	at io.cucumber.core.options.EnvironmentOptionsParser.parse(EnvironmentOptionsParser.java:34)
	at io.cucumber.junit.Cucumber.&lt;init&gt;(Cucumber.java:95)
	at sun.reflect.NativeConstructorAccessorImpl.newInstance0(Native Method)
	at sun.reflect.NativeConstructorAccessorImpl.newInstance(NativeConstructorAccessorImpl.java:62)
	at sun.reflect.DelegatingConstructorAccessorImpl.newInstance(DelegatingConstructorAccessorImpl.java:45)
	at java.lang.reflect.Constructor.newInstance(Constructor.java:422)
	at org.junit.internal.builders.AnnotatedBuilder.buildRunner(AnnotatedBuilder.java:104)
	at org.junit.internal.builders.AnnotatedBuilder.runnerForClass(AnnotatedBuilder.java:86)
	at org.junit.runners.model.RunnerBuilder.safeRunnerForClass(RunnerBuilder.java:59)
	at org.junit.internal.builders.AllDefaultPossibilitiesBuilder.runnerForClass(AllDefaultPossibilitiesBuilder.java:26)
	at org.junit.runners.model.RunnerBuilder.safeRunnerForClass(RunnerBuilder.java:59)
	at org.junit.internal.requests.ClassRequest.getRunner(ClassRequest.java:33)
	at org.apache.maven.surefire.junit4.JUnit4Provider.execute(JUnit4Provider.java:250)
	at org.apache.maven.surefire.junit4.JUnit4Provider.executeTestSet(JUnit4Provider.java:141)
	at org.apache.maven.surefire.junit4.JUnit4Provider.invoke(JUnit4Provider.java:112)
	at sun.reflect.NativeMethodAccessorImpl.invoke0(Native Method)
	at sun.reflect.NativeMethodAccessorImpl.invoke(NativeMethodAccessorImpl.java:62)
	at sun.reflect.DelegatingMethodAccessorImpl.invoke(DelegatingMethodAccessorImpl.java:43)
	at java.lang.reflect.Method.invoke(Method.java:497)
	at org.apache.maven.surefire.util.ReflectionUtils.invokeMethodWithArray(ReflectionUtils.java:189)
	at org.apache.maven.surefire.booter.ProviderFactory$ProviderProxy.invoke(ProviderFactory.java:165)
	at org.apache.maven.surefire.booter.ProviderFactory.invokeProvider(ProviderFactory.java:85)
	at org.apache.maven.surefire.booter.ForkedBooter.runSuitesInProcess(ForkedBooter.java:115)
	at org.apache.maven.surefire.booter.ForkedBooter.main(ForkedBooter.java:75)
</error>
    <system-out>Usage: java cucumber.api.cli.Main [options] [ [DIR|DIR URI] | [ [FILE|FILE URI][:LINE]* ] | @[FILE|FILE URI] ]+

Options:

      --threads COUNT                      Number of threads to run tests under.
                                           Defaults to 1.

  -g, --glue PATH                          Package to load glue code (step definitions,
                                           hooks and plugins) from. E.g: com.example.app

  -p, --[add-]plugin PLUGIN[:PATH_OR_URL]  Register a plugin.
                                           Built-in formatter PLUGIN types: junit,
                                           html, pretty, progress, json, usage, rerun,
                                           testng. Built-in summary PLUGIN types:
                                           default_summary, null_summary, unused. PLUGIN
                                           can also be a fully qualified class name,
                                           allowing registration of 3rd party plugins.
                                           --add-plugin does not clobber plugins of that
                                           type defined from a different source.

  -t, --tags TAG_EXPRESSION                Only run scenarios tagged with tags matching
                                           TAG_EXPRESSION.

  -n, --name REGEXP                        Only run scenarios whose names match REGEXP.

  -d, --[no-]dry-run                       Skip execution of glue code.

  -m, --[no-]monochrome                    Don&apos;t colour terminal output.

  -s, --[no-]strict                        Treat undefined and pending steps as errors.

      --snippets [underscore|camelcase]    Naming convention for generated snippets.
                                           Defaults to underscore.

  -v, --version                            Print version.

  -h, --help                               You&apos;re looking at it.

      --i18n LANG                          List keywords for in a particular language
                                           Run with &quot;--i18n help&quot; to see all languages

      --junit,OPTION[,OPTION]*             Pass the OPTION(s) to the JUnit module.
                                           Use --junit,-h or --junit,--help to print the
                                           options of the JUnit module.

  -w, --wip                                Fail if there are any passing scenarios.
  
    
      --order                              Run the scenarios in a different order. 
                                           The options are &apos;reverse&apos; and &apos;random&apos;. In
                                           case of &apos;random&apos; order an optional seed
                                           parameter can be added &apos;random:&lt;seed&gt;&apos;.

      --count                              Number of scenarios to be executed. If not 
                                           specified all scenarios are run.

Feature path examples:

  &lt;path&gt;                                   Load the files with the extension &quot;.feature&quot;
                                           for the directory &lt;path&gt;
                                           and its sub directories.

  &lt;path&gt;/&lt;name&gt;.feature                    Load the feature file &lt;path&gt;/&lt;name&gt;.feature
                                           from the file system.

  classpath:&lt;path&gt;/&lt;name&gt;.feature          Load the feature file &lt;path&gt;/&lt;name&gt;.feature
                                           from the classpath.

  &lt;path&gt;/&lt;name&gt;.feature:3:9                Load the scenarios on line 3 and line 9 in
                                           the file &lt;path&gt;/&lt;name&gt;.feature.

  @&lt;path&gt;/&lt;file&gt;                           Load &lt;path&gt;/&lt;file&gt; from the file system and
                                           parse feature paths generated by the rerun
                                           formatter.

  @classpath:&lt;path&gt;/&lt;file&gt;                 Load &lt;path&gt;/&lt;file&gt; from the classpath and
                                           parse feature paths generated by the rerun
                                           formatter.

</system-out>
  </testcase>
</testsuite>